SF:lib/app.dart
DA:6,1
DA:8,1
DA:10,1
DA:13,1
DA:14,1
LF:5
LH:5
end_of_record
SF:lib/pages/home/home_page.dart
DA:8,2
DA:10,1
DA:12,1
DA:13,1
DA:14,1
DA:15,2
DA:16,2
DA:19,1
DA:21,1
DA:23,1
DA:24,1
DA:26,1
DA:28,3
DA:29,4
DA:36,1
DA:37,2
DA:43,1
DA:44,5
LF:18
LH:18
end_of_record
SF:lib/theme/theme.dart
DA:28,1
DA:32,1
DA:34,1
DA:35,2
DA:42,3
DA:46,1
DA:47,1
DA:48,1
DA:50,3
LF:9
LH:9
end_of_record
SF:lib/widgets/card_counter_widget.dart
DA:6,2
DA:8,1
DA:10,1
DA:12,1
DA:13,1
DA:14,4
DA:16,1
DA:18,1
DA:20,1
DA:21,1
DA:22,2
DA:23,1
LF:12
LH:12
end_of_record
